# JRE version: OpenJDK Runtime Environment (11.0.6+10) (build 11.0.6+10-post-Ubuntu-1ubuntu118.04.1)
# Java VM: OpenJDK 64-Bit Server VM (11.0.6+10-post-Ubuntu-1ubuntu118.04.1, mixed mode, sharing, tiered, compressed oops, g1 gc, linux-amd64)
Heap:
 garbage-first heap   total 367616K, used 38084K [0x000000008a400000, 0x0000000100000000)
  region size 1024K, 2 young (2048K), 2 survivors (2048K)
 Metaspace       used 58584K, capacity 60340K, committed 60572K, reserved 1101824K
  class space    used 7967K, capacity 8638K, committed 8684K, reserved 1048576K
GC Heap History (20 events):
Event: 1.673 GC heap after
{Heap after GC invocations=3 (full 0):
 garbage-first heap   total 122880K, used 11631K [0x000000008a400000, 0x0000000100000000)
  region size 1024K, 2 young (2048K), 2 survivors (2048K)
 Metaspace       used 5695K, capacity 5989K, committed 6272K, reserved 1056768K
  class space    used 722K, capacity 835K, committed 896K, reserved 1048576K
}
Event: 2.010 GC heap before
{Heap before GC invocations=3 (full 0):
 garbage-first heap   total 122880K, used 22895K [0x000000008a400000, 0x0000000100000000)
  region size 1024K, 13 young (13312K), 2 survivors (2048K)
 Metaspace       used 6884K, capacity 7237K, committed 7424K, reserved 1056768K
  class space    used 874K, capacity 1020K, committed 1024K, reserved 1048576K
}
Event: 2.030 GC heap after
{Heap after GC invocations=4 (full 0):
 garbage-first heap   total 122880K, used 12197K [0x000000008a400000, 0x0000000100000000)
  region size 1024K, 1 young (1024K), 1 survivors (1024K)
 Metaspace       used 6884K, capacity 7237K, committed 7424K, reserved 1056768K
  class space    used 874K, capacity 1020K, committed 1024K, reserved 1048576K
}
Event: 2.369 GC heap before
{Heap before GC invocations=4 (full 0):
 garbage-first heap   total 122880K, used 30629K [0x000000008a400000, 0x0000000100000000)
  region size 1024K, 19 young (19456K), 1 survivors (1024K)
 Metaspace       used 9347K, capacity 9766K, committed 10112K, reserved 1058816K
  class space    used 1193K, capacity 1360K, committed 1408K, reserved 1048576K
}
Event: 2.377 GC heap after
{Heap after GC invocations=5 (full 0):
 garbage-first heap   total 171008K, used 12794K [0x000000008a400000, 0x0000000100000000)
  region size 1024K, 2 young (2048K), 2 survivors (2048K)
 Metaspace       used 9347K, capacity 9766K, committed 10112K, reserved 1058816K
  class space    used 1193K, capacity 1360K, committed 1408K, reserved 1048576K
}
Event: 2.972 GC heap before
{Heap before GC invocations=5 (full 0):
 garbage-first heap   total 171008K, used 47610K [0x000000008a400000, 0x0000000100000000)
  region size 1024K, 36 young (36864K), 2 survivors (2048K)
 Metaspace       used 13191K, capacity 13717K, committed 13952K, reserved 1060864K
  class space    used 1845K, capacity 2058K, committed 2176K, reserved 1048576K
}
Event: 2.985 GC heap after
{Heap after GC invocations=6 (full 0):
 garbage-first heap   total 171008K, used 13992K [0x000000008a400000, 0x0000000100000000)
  region size 1024K, 3 young (3072K), 3 survivors (3072K)
 Metaspace       used 13191K, capacity 13717K, committed 13952K, reserved 1060864K
  class space    used 1845K, capacity 2058K, committed 2176K, reserved 1048576K
}
Event: 4.359 GC heap before
{Heap before GC invocations=6 (full 0):
 garbage-first heap   total 171008K, used 112296K [0x000000008a400000, 0x0000000100000000)
  region size 1024K, 100 young (102400K), 3 survivors (3072K)
 Metaspace       used 18696K, capacity 19559K, committed 19840K, reserved 1067008K
  class space    used 2572K, capacity 2930K, committed 2944K, reserved 1048576K
}
Event: 4.401 GC heap after
{Heap after GC invocations=7 (full 0):
 garbage-first heap   total 171008K, used 17334K [0x000000008a400000, 0x0000000100000000)
  region size 1024K, 6 young (6144K), 6 survivors (6144K)
 Metaspace       used 18696K, capacity 19559K, committed 19840K, reserved 1067008K
  class space    used 2572K, capacity 2930K, committed 2944K, reserved 1048576K
}
Event: 5.741 GC heap before
{Heap before GC invocations=7 (full 0):
 garbage-first heap   total 171008K, used 57270K [0x000000008a400000, 0x0000000100000000)
  region size 1024K, 47 young (48128K), 6 survivors (6144K)
 Metaspace       used 20311K, capacity 21142K, committed 21296K, reserved 1067008K
  class space    used 2777K, capacity 3137K, committed 3200K, reserved 1048576K
}
Event: 5.765 GC heap after
{Heap after GC invocations=8 (full 0):
 garbage-first heap   total 171008K, used 17678K [0x000000008a400000, 0x0000000100000000)
  region size 1024K, 6 young (6144K), 6 survivors (6144K)
 Metaspace       used 20311K, capacity 21142K, committed 21296K, reserved 1067008K
  class space    used 2777K, capacity 3137K, committed 3200K, reserved 1048576K
}
Event: 8.246 GC heap before
{Heap before GC invocations=9 (full 0):
 garbage-first heap   total 171008K, used 113934K [0x000000008a400000, 0x0000000100000000)
  region size 1024K, 100 young (102400K), 6 survivors (6144K)
 Metaspace       used 28495K, capacity 29714K, committed 30000K, reserved 1075200K
  class space    used 3877K, capacity 4358K, committed 4480K, reserved 1048576K
}
Event: 8.317 GC heap after
{Heap after GC invocations=10 (full 0):
 garbage-first heap   total 232448K, used 21908K [0x000000008a400000, 0x0000000100000000)
  region size 1024K, 10 young (10240K), 10 survivors (10240K)
 Metaspace       used 28495K, capacity 29714K, committed 30000K, reserved 1075200K
  class space    used 3877K, capacity 4358K, committed 4480K, reserved 1048576K
}
Event: 9.927 GC heap before
{Heap before GC invocations=10 (full 0):
 garbage-first heap   total 232448K, used 108948K [0x000000008a400000, 0x0000000100000000)
  region size 1024K, 97 young (99328K), 10 survivors (10240K)
 Metaspace       used 34498K, capacity 35711K, committed 35888K, reserved 1079296K
  class space    used 4705K, capacity 5205K, committed 5248K, reserved 1048576K
}
Event: 9.972 GC heap after
{Heap after GC invocations=11 (full 0):
 garbage-first heap   total 232448K, used 23330K [0x000000008a400000, 0x0000000100000000)
  region size 1024K, 11 young (11264K), 11 survivors (11264K)
 Metaspace       used 34498K, capacity 35711K, committed 35888K, reserved 1079296K
  class space    used 4705K, capacity 5205K, committed 5248K, reserved 1048576K
}
Event: 44.812 GC heap before
{Heap before GC invocations=12 (full 0):
 garbage-first heap   total 232448K, used 151330K [0x000000008a400000, 0x0000000100000000)
  region size 1024K, 136 young (139264K), 11 survivors (11264K)
 Metaspace       used 52331K, capacity 53829K, committed 54044K, reserved 1095680K
  class space    used 7135K, capacity 7709K, committed 7788K, reserved 1048576K
}
Event: 45.042 GC heap after
{Heap after GC invocations=13 (full 0):
 garbage-first heap   total 232448K, used 32880K [0x000000008a400000, 0x0000000100000000)
  region size 1024K, 17 young (17408K), 17 survivors (17408K)
 Metaspace       used 52331K, capacity 53829K, committed 54044K, reserved 1095680K
  class space    used 7135K, capacity 7709K, committed 7788K, reserved 1048576K
}
Event: 61.466 GC heap before
{Heap before GC invocations=13 (full 0):
 garbage-first heap   total 232448K, used 102512K [0x000000008a400000, 0x0000000100000000)
  region size 1024K, 86 young (88064K), 17 survivors (17408K)
 Metaspace       used 58319K, capacity 60020K, committed 60316K, reserved 1101824K
  class space    used 7902K, capacity 8574K, committed 8684K, reserved 1048576K
}
Event: 62.083 GC heap after
{Heap after GC invocations=14 (full 0):
 garbage-first heap   total 232448K, used 36299K [0x000000008a400000, 0x0000000100000000)
  region size 1024K, 4 young (4096K), 4 survivors (4096K)
 Metaspace       used 58319K, capacity 60020K, committed 60316K, reserved 1101824K
  class space    used 7902K, capacity 8574K, committed 8684K, reserved 1048576K
}
Event: 74.688 GC heap before
{Heap before GC invocations=15 (full 0):
 garbage-first heap   total 232448K, used 43467K [0x000000008a400000, 0x0000000100000000)
  region size 1024K, 11 young (11264K), 4 survivors (4096K)
 Metaspace       used 58584K, capacity 60340K, committed 60572K, reserved 1101824K
  class space    used 7967K, capacity 8638K, committed 8684K, reserved 1048576K
}

