# JRE version: OpenJDK Runtime Environment (11.0.6+10) (build 11.0.6+10-post-Ubuntu-1ubuntu118.04.1)
# Java VM: OpenJDK 64-Bit Server VM (11.0.6+10-post-Ubuntu-1ubuntu118.04.1, mixed mode, sharing, tiered, compressed oops, g1 gc, linux-amd64)
Heap:
 garbage-first heap   total 378880K, used 27817K [0x000000008a400000, 0x0000000100000000)
  region size 1024K, 7 young (7168K), 7 survivors (7168K)
 Metaspace       used 46953K, capacity 48380K, committed 48924K, reserved 1091584K
  class space    used 6403K, capacity 6946K, committed 7020K, reserved 1048576K
GC Heap History (20 events):
Event: 3.122 GC heap after
{Heap after GC invocations=3 (full 0):
 garbage-first heap   total 122880K, used 11116K [0x000000008a400000, 0x0000000100000000)
  region size 1024K, 1 young (1024K), 1 survivors (1024K)
 Metaspace       used 4857K, capacity 5449K, committed 5632K, reserved 1056768K
  class space    used 621K, capacity 767K, committed 768K, reserved 1048576K
}
Event: 3.999 GC heap before
{Heap before GC invocations=3 (full 0):
 garbage-first heap   total 122880K, used 20332K [0x000000008a400000, 0x0000000100000000)
  region size 1024K, 11 young (11264K), 1 survivors (1024K)
 Metaspace       used 6893K, capacity 7265K, committed 7424K, reserved 1056768K
  class space    used 864K, capacity 1008K, committed 1024K, reserved 1048576K
}
Event: 4.039 GC heap after
{Heap after GC invocations=4 (full 0):
 garbage-first heap   total 122880K, used 12284K [0x000000008a400000, 0x0000000100000000)
  region size 1024K, 2 young (2048K), 2 survivors (2048K)
 Metaspace       used 6893K, capacity 7265K, committed 7424K, reserved 1056768K
  class space    used 864K, capacity 1008K, committed 1024K, reserved 1048576K
}
Event: 4.878 GC heap before
{Heap before GC invocations=4 (full 0):
 garbage-first heap   total 122880K, used 25596K [0x000000008a400000, 0x0000000100000000)
  region size 1024K, 15 young (15360K), 2 survivors (2048K)
 Metaspace       used 8377K, capacity 8866K, committed 8960K, reserved 1056768K
  class space    used 1090K, capacity 1276K, committed 1280K, reserved 1048576K
}
Event: 4.915 GC heap after
{Heap after GC invocations=5 (full 0):
 garbage-first heap   total 182272K, used 12941K [0x000000008a400000, 0x0000000100000000)
  region size 1024K, 1 young (1024K), 1 survivors (1024K)
 Metaspace       used 8377K, capacity 8866K, committed 8960K, reserved 1056768K
  class space    used 1090K, capacity 1276K, committed 1280K, reserved 1048576K
}
Event: 5.874 GC heap before
{Heap before GC invocations=5 (full 0):
 garbage-first heap   total 182272K, used 30349K [0x000000008a400000, 0x0000000100000000)
  region size 1024K, 19 young (19456K), 1 survivors (1024K)
 Metaspace       used 10768K, capacity 11279K, committed 11392K, reserved 1058816K
  class space    used 1411K, capacity 1617K, committed 1664K, reserved 1048576K
}
Event: 5.906 GC heap after
{Heap after GC invocations=6 (full 0):
 garbage-first heap   total 182272K, used 13491K [0x000000008a400000, 0x0000000100000000)
  region size 1024K, 2 young (2048K), 2 survivors (2048K)
 Metaspace       used 10768K, capacity 11279K, committed 11392K, reserved 1058816K
  class space    used 1411K, capacity 1617K, committed 1664K, reserved 1048576K
}
Event: 6.751 GC heap before
{Heap before GC invocations=6 (full 0):
 garbage-first heap   total 182272K, used 37043K [0x000000008a400000, 0x0000000100000000)
  region size 1024K, 25 young (25600K), 2 survivors (2048K)
 Metaspace       used 13379K, capacity 14046K, committed 14208K, reserved 1060864K
  class space    used 1879K, capacity 2153K, committed 2176K, reserved 1048576K
}
Event: 6.780 GC heap after
{Heap after GC invocations=7 (full 0):
 garbage-first heap   total 182272K, used 14168K [0x000000008a400000, 0x0000000100000000)
  region size 1024K, 2 young (2048K), 2 survivors (2048K)
 Metaspace       used 13379K, capacity 14046K, committed 14208K, reserved 1060864K
  class space    used 1879K, capacity 2153K, committed 2176K, reserved 1048576K
}
Event: 8.875 GC heap before
{Heap before GC invocations=7 (full 0):
 garbage-first heap   total 182272K, used 54104K [0x000000008a400000, 0x0000000100000000)
  region size 1024K, 41 young (41984K), 2 survivors (2048K)
 Metaspace       used 18107K, capacity 18963K, committed 19328K, reserved 1064960K
  class space    used 2480K, capacity 2818K, committed 2944K, reserved 1048576K
}
Event: 8.933 GC heap after
{Heap after GC invocations=8 (full 0):
 garbage-first heap   total 182272K, used 15367K [0x000000008a400000, 0x0000000100000000)
  region size 1024K, 4 young (4096K), 4 survivors (4096K)
 Metaspace       used 18107K, capacity 18963K, committed 19328K, reserved 1064960K
  class space    used 2480K, capacity 2818K, committed 2944K, reserved 1048576K
}
Event: 11.250 GC heap before
{Heap before GC invocations=8 (full 0):
 garbage-first heap   total 182272K, used 62471K [0x000000008a400000, 0x0000000100000000)
  region size 1024K, 51 young (52224K), 4 survivors (4096K)
 Metaspace       used 18650K, capacity 19556K, committed 19840K, reserved 1067008K
  class space    used 2560K, capacity 2931K, committed 2944K, reserved 1048576K
}
Event: 11.298 GC heap after
{Heap after GC invocations=9 (full 0):
 garbage-first heap   total 251904K, used 17016K [0x000000008a400000, 0x0000000100000000)
  region size 1024K, 5 young (5120K), 5 survivors (5120K)
 Metaspace       used 18650K, capacity 19556K, committed 19840K, reserved 1067008K
  class space    used 2560K, capacity 2931K, committed 2944K, reserved 1048576K
}
Event: 12.197 GC heap before
{Heap before GC invocations=9 (full 0):
 garbage-first heap   total 251904K, used 69240K [0x000000008a400000, 0x0000000100000000)
  region size 1024K, 58 young (59392K), 5 survivors (5120K)
 Metaspace       used 20263K, capacity 21140K, committed 21296K, reserved 1067008K
  class space    used 2769K, capacity 3138K, committed 3200K, reserved 1048576K
}
Event: 12.258 GC heap after
{Heap after GC invocations=10 (full 0):
 garbage-first heap   total 251904K, used 17658K [0x000000008a400000, 0x0000000100000000)
  region size 1024K, 6 young (6144K), 6 survivors (6144K)
 Metaspace       used 20263K, capacity 21140K, committed 21296K, reserved 1067008K
  class space    used 2769K, capacity 3138K, committed 3200K, reserved 1048576K
}
Event: 19.759 GC heap before
{Heap before GC invocations=11 (full 0):
 garbage-first heap   total 251904K, used 161018K [0x000000008a400000, 0x0000000100000000)
  region size 1024K, 147 young (150528K), 6 survivors (6144K)
 Metaspace       used 29686K, capacity 30915K, committed 31024K, reserved 1075200K
  class space    used 3987K, capacity 4461K, committed 4480K, reserved 1048576K
}
Event: 19.904 GC heap after
{Heap after GC invocations=12 (full 0):
 garbage-first heap   total 251904K, used 22277K [0x000000008a400000, 0x0000000100000000)
  region size 1024K, 10 young (10240K), 10 survivors (10240K)
 Metaspace       used 29686K, capacity 30915K, committed 31024K, reserved 1075200K
  class space    used 3987K, capacity 4461K, committed 4480K, reserved 1048576K
}
Event: 22.131 GC heap before
{Heap before GC invocations=12 (full 0):
 garbage-first heap   total 251904K, used 66309K [0x000000008a400000, 0x0000000100000000)
  region size 1024K, 54 young (55296K), 10 survivors (10240K)
 Metaspace       used 34519K, capacity 35752K, committed 35888K, reserved 1079296K
  class space    used 4719K, capacity 5241K, committed 5248K, reserved 1048576K
}
Event: 22.263 GC heap after
{Heap after GC invocations=13 (full 0):
 garbage-first heap   total 251904K, used 23384K [0x000000008a400000, 0x0000000100000000)
  region size 1024K, 11 young (11264K), 11 survivors (11264K)
 Metaspace       used 34519K, capacity 35752K, committed 35888K, reserved 1079296K
  class space    used 4719K, capacity 5241K, committed 5248K, reserved 1048576K
}
Event: 92.698 GC heap before
{Heap before GC invocations=14 (full 0):
 garbage-first heap   total 251904K, used 91992K [0x000000008a400000, 0x0000000100000000)
  region size 1024K, 78 young (79872K), 11 survivors (11264K)
 Metaspace       used 46953K, capacity 48380K, committed 48924K, reserved 1091584K
  class space    used 6403K, capacity 6946K, committed 7020K, reserved 1048576K
}

