# JRE version: OpenJDK Runtime Environment (11.0.6+10) (build 11.0.6+10-post-Ubuntu-1ubuntu118.04.1)
# Java VM: OpenJDK 64-Bit Server VM (11.0.6+10-post-Ubuntu-1ubuntu118.04.1, mixed mode, sharing, tiered, compressed oops, g1 gc, linux-amd64)
Heap:
 garbage-first heap   total 476160K, used 35405K [0x000000008a400000, 0x0000000100000000)
  region size 1024K, 4 young (4096K), 4 survivors (4096K)
 Metaspace       used 55549K, capacity 57222K, committed 57372K, reserved 1097728K
  class space    used 7601K, capacity 8233K, committed 8300K, reserved 1048576K
GC Heap History (20 events):
Event: 2.131 GC heap after
{Heap after GC invocations=3 (full 0):
 garbage-first heap   total 122880K, used 11810K [0x000000008a400000, 0x0000000100000000)
  region size 1024K, 1 young (1024K), 1 survivors (1024K)
 Metaspace       used 5522K, capacity 5861K, committed 6016K, reserved 1056768K
  class space    used 697K, capacity 835K, committed 896K, reserved 1048576K
}
Event: 2.533 GC heap before
{Heap before GC invocations=3 (full 0):
 garbage-first heap   total 122880K, used 25122K [0x000000008a400000, 0x0000000100000000)
  region size 1024K, 14 young (14336K), 1 survivors (1024K)
 Metaspace       used 7092K, capacity 7461K, committed 7808K, reserved 1056768K
  class space    used 905K, capacity 1054K, committed 1152K, reserved 1048576K
}
Event: 2.551 GC heap after
{Heap after GC invocations=4 (full 0):
 garbage-first heap   total 122880K, used 12306K [0x000000008a400000, 0x0000000100000000)
  region size 1024K, 2 young (2048K), 2 survivors (2048K)
 Metaspace       used 7092K, capacity 7461K, committed 7808K, reserved 1056768K
  class space    used 905K, capacity 1054K, committed 1152K, reserved 1048576K
}
Event: 2.975 GC heap before
{Heap before GC invocations=4 (full 0):
 garbage-first heap   total 122880K, used 32786K [0x000000008a400000, 0x0000000100000000)
  region size 1024K, 22 young (22528K), 2 survivors (2048K)
 Metaspace       used 9765K, capacity 10231K, committed 10496K, reserved 1058816K
  class space    used 1251K, capacity 1429K, committed 1536K, reserved 1048576K
}
Event: 2.990 GC heap after
{Heap after GC invocations=5 (full 0):
 garbage-first heap   total 177152K, used 13350K [0x000000008a400000, 0x0000000100000000)
  region size 1024K, 3 young (3072K), 3 survivors (3072K)
 Metaspace       used 9765K, capacity 10231K, committed 10496K, reserved 1058816K
  class space    used 1251K, capacity 1429K, committed 1536K, reserved 1048576K
}
Event: 3.800 GC heap before
{Heap before GC invocations=5 (full 0):
 garbage-first heap   total 177152K, used 44070K [0x000000008a400000, 0x0000000100000000)
  region size 1024K, 34 young (34816K), 3 survivors (3072K)
 Metaspace       used 13582K, capacity 14180K, committed 14336K, reserved 1060864K
  class space    used 1909K, capacity 2184K, committed 2304K, reserved 1048576K
}
Event: 3.816 GC heap after
{Heap after GC invocations=6 (full 0):
 garbage-first heap   total 177152K, used 14497K [0x000000008a400000, 0x0000000100000000)
  region size 1024K, 4 young (4096K), 4 survivors (4096K)
 Metaspace       used 13582K, capacity 14180K, committed 14336K, reserved 1060864K
  class space    used 1909K, capacity 2184K, committed 2304K, reserved 1048576K
}
Event: 6.431 GC heap before
{Heap before GC invocations=6 (full 0):
 garbage-first heap   total 177152K, used 94369K [0x000000008a400000, 0x0000000100000000)
  region size 1024K, 82 young (83968K), 4 survivors (4096K)
 Metaspace       used 18632K, capacity 19499K, committed 19840K, reserved 1067008K
  class space    used 2560K, capacity 2931K, committed 2944K, reserved 1048576K
}
Event: 6.514 GC heap after
{Heap after GC invocations=7 (full 0):
 garbage-first heap   total 177152K, used 17249K [0x000000008a400000, 0x0000000100000000)
  region size 1024K, 7 young (7168K), 7 survivors (7168K)
 Metaspace       used 18632K, capacity 19499K, committed 19840K, reserved 1067008K
  class space    used 2560K, capacity 2931K, committed 2944K, reserved 1048576K
}
Event: 7.214 GC heap before
{Heap before GC invocations=7 (full 0):
 garbage-first heap   total 177152K, used 76641K [0x000000008a400000, 0x0000000100000000)
  region size 1024K, 67 young (68608K), 7 survivors (7168K)
 Metaspace       used 20304K, capacity 21153K, committed 21296K, reserved 1067008K
  class space    used 2772K, capacity 3139K, committed 3200K, reserved 1048576K
}
Event: 7.251 GC heap after
{Heap after GC invocations=8 (full 0):
 garbage-first heap   total 177152K, used 17872K [0x000000008a400000, 0x0000000100000000)
  region size 1024K, 6 young (6144K), 6 survivors (6144K)
 Metaspace       used 20304K, capacity 21153K, committed 21296K, reserved 1067008K
  class space    used 2772K, capacity 3139K, committed 3200K, reserved 1048576K
}
Event: 11.047 GC heap before
{Heap before GC invocations=9 (full 0):
 garbage-first heap   total 177152K, used 117200K [0x000000008a400000, 0x0000000100000000)
  region size 1024K, 103 young (105472K), 6 survivors (6144K)
 Metaspace       used 29156K, capacity 30365K, committed 30512K, reserved 1075200K
  class space    used 3936K, capacity 4425K, committed 4480K, reserved 1048576K
}
Event: 11.173 GC heap after
{Heap after GC invocations=10 (full 0):
 garbage-first heap   total 265216K, used 21968K [0x000000008a400000, 0x0000000100000000)
  region size 1024K, 10 young (10240K), 10 survivors (10240K)
 Metaspace       used 29156K, capacity 30365K, committed 30512K, reserved 1075200K
  class space    used 3936K, capacity 4425K, committed 4480K, reserved 1048576K
}
Event: 12.962 GC heap before
{Heap before GC invocations=10 (full 0):
 garbage-first heap   total 265216K, used 105936K [0x000000008a400000, 0x0000000100000000)
  region size 1024K, 94 young (96256K), 10 survivors (10240K)
 Metaspace       used 34485K, capacity 35716K, committed 35888K, reserved 1079296K
  class space    used 4699K, capacity 5206K, committed 5248K, reserved 1048576K
}
Event: 13.042 GC heap after
{Heap after GC invocations=11 (full 0):
 garbage-first heap   total 265216K, used 23763K [0x000000008a400000, 0x0000000100000000)
  region size 1024K, 10 young (10240K), 10 survivors (10240K)
 Metaspace       used 34485K, capacity 35716K, committed 35888K, reserved 1079296K
  class space    used 4699K, capacity 5206K, committed 5248K, reserved 1048576K
}
Event: 18.601 GC heap before
{Heap before GC invocations=12 (full 0):
 garbage-first heap   total 265216K, used 126163K [0x000000008a400000, 0x0000000100000000)
  region size 1024K, 110 young (112640K), 10 survivors (10240K)
 Metaspace       used 50538K, capacity 51953K, committed 52508K, reserved 1093632K
  class space    used 6885K, capacity 7444K, committed 7532K, reserved 1048576K
}
Event: 18.823 GC heap after
{Heap after GC invocations=13 (full 0):
 garbage-first heap   total 265216K, used 31775K [0x000000008a400000, 0x0000000100000000)
  region size 1024K, 14 young (14336K), 14 survivors (14336K)
 Metaspace       used 50538K, capacity 51953K, committed 52508K, reserved 1093632K
  class space    used 6885K, capacity 7444K, committed 7532K, reserved 1048576K
}
Event: 26.205 GC heap before
{Heap before GC invocations=14 (full 0):
 garbage-first heap   total 265216K, used 44063K [0x000000008a400000, 0x0000000100000000)
  region size 1024K, 26 young (26624K), 14 survivors (14336K)
 Metaspace       used 50897K, capacity 52329K, committed 52892K, reserved 1095680K
  class space    used 6961K, capacity 7525K, committed 7660K, reserved 1048576K
}
Event: 26.307 GC heap after
{Heap after GC invocations=15 (full 0):
 garbage-first heap   total 265216K, used 33527K [0x000000008a400000, 0x0000000100000000)
  region size 1024K, 2 young (2048K), 2 survivors (2048K)
 Metaspace       used 50897K, capacity 52329K, committed 52892K, reserved 1095680K
  class space    used 6961K, capacity 7525K, committed 7660K, reserved 1048576K
}
Event: 38.569 GC heap before
{Heap before GC invocations=15 (full 0):
 garbage-first heap   total 265216K, used 83703K [0x000000008a400000, 0x0000000100000000)
  region size 1024K, 51 young (52224K), 2 survivors (2048K)
 Metaspace       used 55549K, capacity 57222K, committed 57372K, reserved 1097728K
  class space    used 7601K, capacity 8233K, committed 8300K, reserved 1048576K
}

